<?xml version="1.0" encoding="UTF-8"?>
<testsuites name="argus" tests="3" failures="1" errors="0" time="0.0">
  <testsuite name="src/Example.hs" tests="1" failures="0" errors="0" time="0">
    <testcase name="partial/head" classname="src/Example.hs" time="0">
      <failure message="Use of partial function &apos;head&apos;: consider using &apos;headMay&apos; from Data.Maybe or pattern matching" type="Warning">
        <![CDATA[Use of partial function 'head': consider using 'headMay' from Data.Maybe or pattern matching at line Line {unLine = 42}]]>
      </failure>
    </testcase>

  </testsuite>
  <testsuite name="src/Security.hs" tests="1" failures="1" errors="0" time="0">
    <testcase name="security/sql-injection" classname="src/Security.hs" time="0">
      <failure message="Potential SQL injection: use parameterized queries instead of string concatenation" type="Error">
        <![CDATA[Potential SQL injection: use parameterized queries instead of string concatenation at line Line {unLine = 15}]]>
      </failure>
    </testcase>

  </testsuite>
  <testsuite name="src/Utils.hs" tests="1" failures="0" errors="0" time="0">
    <testcase name="performance/foldl" classname="src/Utils.hs" time="0">
      <system-out><![CDATA[Consider using 'foldl'' instead of 'foldl' for better performance with strict accumulator at line Line {unLine = 100}]]></system-out>
    </testcase>

  </testsuite>

</testsuites>
